----------------------------------------------------------------------------------------------------------------------------------
      name:  <unnamed>
       log:  D:\Dropbox\RA_Princeton\RA_Morales\BartikSEStata\output/logfiles/AKM.log
  log type:  text
 opened on:   5 Aug 2019, 22:13:58

. 
. prog main
  1.                 **** AKM OLS examples                    
.         ** Compute AKM standard error and confidence interval
.         use "data/ADH_derived.dta", clear
  2.         /*
>         AKM_OLS, dependant_var(d_sh_empl_mfg) shiftshare_var(d_tradeotch_pw_lag) ///
>                          control_varlist(t2 l_shind_manuf_cbp reg_encen reg_escen reg_midatl reg_mount reg_pacif reg_satl reg_wn
> cen reg_wscen l_sh_popedu_c l_sh_popfborn l_sh_empl_f l_sh_routine33 l_task_outsource) ///
>                      share_varlist(emp_share1-emp_share770) weight_var(weight) alpha(0.95) akmtype(1) path_cluster("data/sector_
> derived.dta")
>                          
>         ** Compute AKM0 standard error and confidence interval
>         use "data/ADH_derived.dta", clear
>         AKM_OLS, dependant_var(d_sh_empl_mfg) shiftshare_var(d_tradeotch_pw_lag) ///
>                          control_varlist(t2 l_shind_manuf_cbp reg_encen reg_escen reg_midatl reg_mount reg_pacif reg_satl reg_wn
> cen reg_wscen l_sh_popedu_c l_sh_popfborn l_sh_empl_f l_sh_routine33 l_task_outsource) ///
>                          share_varlist(emp_share1-emp_share770) weight_var(weight) alpha(0.95) akmtype(0) path_cluster("data/sec
> tor_derived.dta")
>         
>         **** AKM IV examples
>         ** Compute AKM standard error and confidence interval
>         use "data/ADH_derived.dta", clear
>         
>         AKM_IV,  dependant_var(d_sh_empl_mfg) endogenous_var(d_tradeusch_pw) shiftshare_iv(d_tradeotch_pw_lag) ///
>                          control_varlist(t2 l_shind_manuf_cbp reg_encen reg_escen reg_midatl reg_mount reg_pacif reg_satl reg_wn
> cen reg_wscen l_sh_popedu_c l_sh_popfborn l_sh_empl_f l_sh_routine33 l_task_outsource) ///
>                      share_varlist(emp_share1-emp_share770) weight_var(weight) alpha(0.95) akmtype(1) path_cluster("data/sector_
> derived.dta")
>                 */
.         use "data/ADH_derived.dta", clear
  3.         AKM_IV,  dependant_var(d_sh_empl_mfg) endogenous_var(d_tradeusch_pw) shiftshare_iv(d_tradeotch_pw_lag) ///
>                          control_varlist(t2 l_shind_manuf_cbp reg_encen reg_escen reg_midatl reg_mount reg_pacif reg_satl reg_wn
> cen reg_wscen l_sh_popedu_c l_sh_popfborn l_sh_empl_f l_sh_routine33 l_task_outsource) ///
>                      share_varlist(emp_share1-emp_share770) weight_var(weight) alpha(0.95) akmtype(0) beta0(0) path_cluster("dat
> a/sector_derived.dta")
  4.                 */
.         */
. end

. 
. cap log close
