----------------------------------------------------------------------------------------------------------------------------------
      name:  <unnamed>
       log:  D:\Dropbox\RA_Princeton\RA_Morales\BartikSEStata\output/logfiles/AKM_OLS.log
  log type:  text
 opened on:   1 Aug 2019, 12:08:23

. 
. prog main
  1.         use "data/ADHdata.dta", clear
  2.         merge 1:1 czone year using "data/ADH_emp_share.dta", assert(3) nogen
  3.         sort year czone
  4.         
.         * AKM_nocluster
.         AKM0_nocluster
  5. end

. 
. prog AKM_nocluster
  1.         local control_var "t2 l_shind_manuf_cbp reg_encen reg_escen reg_midatl reg_mount reg_pacif reg_satl reg_wncen reg_wsc
> en l_sh_popedu_c l_sh_popfborn l_sh_empl_f l_sh_routine33 l_task_outsource"
  2. 
.         *** (1) OLS regression
.         ** Full sample
.         reg d_sh_empl d_tradeotch_pw_lag `control_var' [aw = weight]
  3.         reg d_sh_empl d_tradeotch_pw_lag `control_var' [aw = weight], r
  4.         reg d_sh_empl d_tradeotch_pw_lag `control_var' [aw = weight], cluster(state)
  5. 
.         * (AKM)
.         set matsize 10000
  6. 
.         foreach var in `control_var' d_sh_empl d_tradeotch_pw_lag constant {
  7.                 replace `var' = `var' * sqrt(weight)
  8.         }
  9.         
.         forvalues i = 1(1)792 {
 10.                 replace var`i' = var`i' * sqrt(weight)
 11.         }
 12.         
.         * Drop colinear share variables
.         _rmcoll var*, force
 13.         local share_emp_vars `r(varlist)'
 14.         keep `r(varlist)'  d_sh_empl d_tradeotch_pw_lag `control_var' constant czone year weight
 15.         
.         ** Generate Matrix of Regressors, shares, and outcome variable
.         mkmat d_tradeotch_pw_lag `control_var' constant, matrix(Mn)   //Matrix of regressors
 16.         mkmat var*, matrix(ln)                                                           //Matrix of Shares
 17.         mkmat d_sh_empl, matrix(tildeYn)                                         //Dependent Variable  
 18.         
.         ** OLS Estimates
.         mat hat_theta = inv(Mn'*Mn)*(Mn' * tildeYn)
 19.         mat e = tildeYn - Mn * hat_theta
 20.         mat hat_beta = hat_theta[1, .]
 21.         local coef = hat_theta[1,1]
 22.     
.         ** Auxiliary variables
.         mkmat `control_var' constant, matrix(tildeZn)
 23.         mkmat d_tradeotch_pw_lag, matrix(tildeXn)
 24.         local dim = rowsof(tildeXn)
 25.         
.         mat I_mat = I(`dim')
 26.         mat Ydd = (I_mat - tildeZn * inv(tildeZn'*tildeZn) * tildeZn') * tildeYn
 27.         mat Xdd = (I_mat - tildeZn * inv(tildeZn'*tildeZn) * tildeZn') * tildeXn
 28.         mat Xddd = inv(ln'*ln) * (ln' * Xdd)
 29.         
.         ** Compute SE
.         mat R_raw = (e' * ln)'
 30.         svmat R_raw, names(R_raw)
 31.         svmat Xddd, names(Xddd)
 32.         drop if mi(R_raw)
 33.         
.         gen R_raw_sq = R_raw^2
 34.         gen Xddd_sq = Xddd^2
 35. 
.         mkmat R_raw_sq, matrix(R_sq)
 36.         mkmat Xddd_sq, matrix(Xddd_sq)
 37.         
.         mat LambdaAKM = R_sq' * Xddd_sq
 38. 
.         mat variance = inv(Xdd'*Xdd) * LambdaAKM * inv(Xdd'*Xdd)
 39.         local SE = sqrt(variance[1,1])
 40.         display "The Standard Error is: " %5.4f `SE'
 41.         
.         local critical_value = invnormal(1-0.05/2)
 42.         local CI_low = `coef' - `critical_value' * `SE'
 43.         local CI_upp = `coef' + `critical_value' * `SE'
 44.         display "The Confidence Interval is: [" %5.4f `CI_low' "," %5.4f `CI_upp' "]"
 45. end

. 
. 
. prog AKM0_nocluster
  1.         local control_var "t2 l_shind_manuf_cbp reg_encen reg_escen reg_midatl reg_mount reg_pacif reg_satl reg_wncen reg_wsc
> en l_sh_popedu_c l_sh_popfborn l_sh_empl_f l_sh_routine33 l_task_outsource"
  2. 
.         * (AKM0)
.         set matsize 10000
  3. 
.         foreach var in `control_var' d_sh_empl d_tradeotch_pw_lag constant {
  4.                 replace `var' = `var' * sqrt(weight)
  5.         }
  6.         
.         forvalues i = 1(1)792 {
  7.                 replace var`i' = var`i' * sqrt(weight)
  8.         }
  9.         
.         * Drop colinear share variables
.         _rmcoll var*, force
 10.         local share_emp_vars `r(varlist)'
 11.         keep `r(varlist)'  d_sh_empl d_tradeotch_pw_lag `control_var' constant czone year weight
 12.         
.         ** Generate Matrix of Regressors, shares, and outcome variable
.         mkmat d_tradeotch_pw_lag `control_var' constant, matrix(Mn)   //Matrix of regressors
 13.         mkmat var*, matrix(ln)                                                           //Matrix of Shares
 14.         mkmat d_sh_empl, matrix(tildeYn)                                         //Dependent Variable  
 15.         
.         ** OLS Estimates
.         mat hat_theta = inv(Mn'*Mn)*(Mn' * tildeYn)
 16.         mat e = tildeYn - Mn * hat_theta
 17.         mat hat_beta = hat_theta[1, .]
 18.         local coef = hat_theta[1,1]
 19.     
.         ** Auxiliary variables
.         mkmat `control_var' constant, matrix(tildeZn)
 20.         mkmat d_tradeotch_pw_lag, matrix(tildeXn)
 21.         local dim = rowsof(tildeXn)
 22.         
.         mat I_mat = I(`dim')
 23.         mat Ydd = (I_mat - tildeZn * inv(tildeZn'*tildeZn) * tildeZn') * tildeYn
 24.         mat Xdd = (I_mat - tildeZn * inv(tildeZn'*tildeZn) * tildeZn') * tildeXn
 25.         mat Xddd = inv(ln'*ln) * (ln' * Xdd)
 26.         
.         ** Compute SE
.         local beta0 = 0
 27.         mat e_null = Ydd - Xdd * `beta0'
 28.         
.         mat R_raw = (e_null' * ln)'
 29.         svmat R_raw, names(R_raw)
 30.         svmat Xddd, names(Xddd)
 31.         drop if mi(R_raw)
 32.         
.         gen R_raw_sq = R_raw^2
 33.         gen Xddd_sq = Xddd^2
 34. 
.         mkmat R_raw_sq, matrix(R_sq)
 35.         mkmat Xddd_sq, matrix(Xddd_sq)
 36.         
.         mat LambdaAKM = R_sq' * Xddd_sq
 37. 
.     * Variance matrix
.         mat variance = inv(Xdd'*Xdd) * LambdaAKM * inv(Xdd'*Xdd)
 38.         local SE_AKMnull_n = sqrt(variance[1,1])
 39.         
.         * Compute Confidence INterval
.         local critical_value = invnormal(1-0.05/2)
 40.     local critical2 = `critical_value'^2
 41.     mat RY = Xdd' * Ydd
 42.     mat RX = Xdd' * Xdd
 43.         
.         mat lnY =  (Ydd' * ln)'
 44.     mat lnX =  (Xdd' * ln)'
 45.         
.         svmat lnY, names(lnY)
 46.         svmat lnX, names(lnX)
 47.         gen lnY_lnX = lnY * lnX
 48.         gen lnY_lnY = lnY1 * lnY1
 49.         gen lnX_lnX = lnX1 * lnX1
 50.         
.     mkmat lnY_lnX, matrix(lnY_lnX)
 51.     mkmat lnY_lnY, matrix(lnY_lnY)
 52.     mkmat lnX_lnX, matrix(lnX_lnX)
 53.         
.     mat SXY = lnY_lnX' * Xddd_sq
 54.     mat SXX = lnX_lnX' * Xddd_sq
 55.     mat SYY = lnY_lnY' * Xddd_sq
 56.         
.         mat Q = (RX * RX)/`critical2' - SXX
 57.     mat Delta = (RY * RX - `critical2' * SXY) * (RY * RX - `critical2' * SXY) - (RX * RX - `critical2' * SXX) * (RY * RY - `c
> ritical2' * SYY)
 58.         
.         local Q = Q[1,1]
 59.         local Delta = Delta[1,1]
 60.         if `Q' > 0 {
 61.                 mat CIl = ((RY * RX - `critical2' * SXY) - `Delta'^(1/2) ) * inv(RX * RX - `critical2' * SXX)
 62.                 mat CIu = ((RY * RX - `critical2' * SXY) + `Delta'^(1/2) ) * inv(RX * RX - `critical2' * SXX)
 63.                 local CI_low = CIl[1,1]
 64.                 local CI_upp = CIu[1,1]
 65.                 local CIType = 1
 66.         } 
 67.         else {
 68.                 if `delta' > 0 {
 69.                         mat CIl = ((RY*RX - `critical2' * SXY) + `Delta'^(1/2) ) * inv(RX * RX - `critical2' * SXX)
 70.                         mat CIu = ((RY*RX - `critical2' * SXY) - `Delta'^(1/2) ) * inv(RX * RX - `critical2' * SXX)
 71.                         local CI_low = CIl[1,1]
 72.                         local CI_upp = CIu[1,1]
 73.                         local CIType = 2
 74.                 } 
 75.                 else {
 76.                         local CI_low = -10000000
 77.                         local CI_upp = 10000000
 78.                         local CIType = 3
 79.                 }
 80.         }    
 81.     
.         local SE = (`CI_upp' - `CI_low')/(2 * `critical_value')
 82. 
.         display "The Standard Error is: " %5.4f `SE'
 83.         display "The Confidence Interval is: [" %5.4f `CI_low' "," %5.4f `CI_upp' "]"
 84. end

. 
. main

    Result                           # of obs.
    -----------------------------------------
    not matched                             0
    matched                             1,444  
    -----------------------------------------
variable t2 was byte now float
(722 real changes made)
(1,444 real changes made)
variable reg_encen was byte now float
(168 real changes made)
variable reg_escen was byte now float
(146 real changes made)
variable reg_midatl was byte now float
(52 real changes made)
variable reg_mount was byte now float
(188 real changes made)
variable reg_pacif was byte now float
(88 real changes made)
variable reg_satl was byte now float
(216 real changes made)
variable reg_wncen was byte now float
(336 real changes made)
variable reg_wscen was byte now float
(218 real changes made)
(1,444 real changes made)
(1,444 real changes made)
(1,444 real changes made)
(1,444 real changes made)
(1,444 real changes made)
(1,444 real changes made)
(1,442 real changes made)
variable constant was byte now float
(1,444 real changes made)
(514 real changes made)
(230 real changes made)
(76 real changes made)
(192 real changes made)
(118 real changes made)
(184 real changes made)
(435 real changes made)
(93 real changes made)
(183 real changes made)
(60 real changes made)
(129 real changes made)
(91 real changes made)
(188 real changes made)
(42 real changes made)
(27 real changes made)
(164 real changes made)
(48 real changes made)
(152 real changes made)
(479 real changes made)
(358 real changes made)
(63 real changes made)
(193 real changes made)
(313 real changes made)
(22 real changes made)
(193 real changes made)
(60 real changes made)
(90 real changes made)
(26 real changes made)
(224 real changes made)
(57 real changes made)
(73 real changes made)
(23 real changes made)
(66 real changes made)
(48 real changes made)
(490 real changes made)
(100 real changes made)
(51 real changes made)
(58 real changes made)
(312 real changes made)
(269 real changes made)
(61 real changes made)
(359 real changes made)
(16 real changes made)
(28 real changes made)
(25 real changes made)
(34 real changes made)
(150 real changes made)
(152 real changes made)
(58 real changes made)
(79 real changes made)
(77 real changes made)
(114 real changes made)
(78 real changes made)
(62 real changes made)
(89 real changes made)
(99 real changes made)
(34 real changes made)
(63 real changes made)
(18 real changes made)
(51 real changes made)
(86 real changes made)
(119 real changes made)
(146 real changes made)
(188 real changes made)
(197 real changes made)
(39 real changes made)
(274 real changes made)
(273 real changes made)
(211 real changes made)
(232 real changes made)
(157 real changes made)
(218 real changes made)
(175 real changes made)
(53 real changes made)
(85 real changes made)
(117 real changes made)
(38 real changes made)
(73 real changes made)
(55 real changes made)
(61 real changes made)
(58 real changes made)
(100 real changes made)
(230 real changes made)
(191 real changes made)
(113 real changes made)
(239 real changes made)
(126 real changes made)
(197 real changes made)
(185 real changes made)
(466 real changes made)
(516 real changes made)
(250 real changes made)
(103 real changes made)
(340 real changes made)
(358 real changes made)
(150 real changes made)
(99 real changes made)
(280 real changes made)
(377 real changes made)
(205 real changes made)
(187 real changes made)
(258 real changes made)
(225 real changes made)
(396 real changes made)
(372 real changes made)
(132 real changes made)
(240 real changes made)
(60 real changes made)
(99 real changes made)
(137 real changes made)
(126 real changes made)
(429 real changes made)
(60 real changes made)
(275 real changes made)
(98 real changes made)
(250 real changes made)
(119 real changes made)
(92 real changes made)
(155 real changes made)
(128 real changes made)
(149 real changes made)
(149 real changes made)
(112 real changes made)
(70 real changes made)
(70 real changes made)
(84 real changes made)
(204 real changes made)
(713 real changes made)
(280 real changes made)
(281 real changes made)
(258 real changes made)
(614 real changes made)
(201 real changes made)
(57 real changes made)
(165 real changes made)
(294 real changes made)
(46 real changes made)
(192 real changes made)
(55 real changes made)
(197 real changes made)
(149 real changes made)
(51 real changes made)
(28 real changes made)
(87 real changes made)
(86 real changes made)
(157 real changes made)
(130 real changes made)
(130 real changes made)
(150 real changes made)
(169 real changes made)
(62 real changes made)
(114 real changes made)
(216 real changes made)
(79 real changes made)
(198 real changes made)
(265 real changes made)
(120 real changes made)
(289 real changes made)
(161 real changes made)
(138 real changes made)
(71 real changes made)
(92 real changes made)
(29 real changes made)
(220 real changes made)
(165 real changes made)
(255 real changes made)
(100 real changes made)
(117 real changes made)
(176 real changes made)
(116 real changes made)
(38 real changes made)
(95 real changes made)
(119 real changes made)
(274 real changes made)
(486 real changes made)
(486 real changes made)
(486 real changes made)
(486 real changes made)
(486 real changes made)
(486 real changes made)
(529 real changes made)
(112 real changes made)
(48 real changes made)
(39 real changes made)
(115 real changes made)
(90 real changes made)
(75 real changes made)
(58 real changes made)
(77 real changes made)
(67 real changes made)
(74 real changes made)
(128 real changes made)
(66 real changes made)
(79 real changes made)
(115 real changes made)
(210 real changes made)
(124 real changes made)
(171 real changes made)
(60 real changes made)
(68 real changes made)
(61 real changes made)
(40 real changes made)
(23 real changes made)
(24 real changes made)
(275 real changes made)
(190 real changes made)
(371 real changes made)
(483 real changes made)
(677 real changes made)
(64 real changes made)
(72 real changes made)
(236 real changes made)
(90 real changes made)
(58 real changes made)
(185 real changes made)
(93 real changes made)
(58 real changes made)
(182 real changes made)
(206 real changes made)
(43 real changes made)
(124 real changes made)
(281 real changes made)
(24 real changes made)
(45 real changes made)
(68 real changes made)
(139 real changes made)
(78 real changes made)
(51 real changes made)
(96 real changes made)
(64 real changes made)
(158 real changes made)
(206 real changes made)
(154 real changes made)
(145 real changes made)
(75 real changes made)
(65 real changes made)
(225 real changes made)
(60 real changes made)
(216 real changes made)
(63 real changes made)
(79 real changes made)
(256 real changes made)
(356 real changes made)
(302 real changes made)
(328 real changes made)
(364 real changes made)
(252 real changes made)
(220 real changes made)
(133 real changes made)
(138 real changes made)
(116 real changes made)
(114 real changes made)
(38 real changes made)
(242 real changes made)
(76 real changes made)
(63 real changes made)
(44 real changes made)
(224 real changes made)
(224 real changes made)
(97 real changes made)
(267 real changes made)
(244 real changes made)
(71 real changes made)
(409 real changes made)
(43 real changes made)
(96 real changes made)
(437 real changes made)
(106 real changes made)
(318 real changes made)
(133 real changes made)
(120 real changes made)
(71 real changes made)
(175 real changes made)
(114 real changes made)
(194 real changes made)
(169 real changes made)
(129 real changes made)
(128 real changes made)
(352 real changes made)
(191 real changes made)
(91 real changes made)
(38 real changes made)
(173 real changes made)
(145 real changes made)
(110 real changes made)
(118 real changes made)
(82 real changes made)
(112 real changes made)
(181 real changes made)
(278 real changes made)
(172 real changes made)
(82 real changes made)
(94 real changes made)
(144 real changes made)
(301 real changes made)
(82 real changes made)
(81 real changes made)
(98 real changes made)
(251 real changes made)
(265 real changes made)
(129 real changes made)
(175 real changes made)
(35 real changes made)
(68 real changes made)
(51 real changes made)
(55 real changes made)
(243 real changes made)
(35 real changes made)
(198 real changes made)
(601 real changes made)
(204 real changes made)
(54 real changes made)
(601 real changes made)
(134 real changes made)
(160 real changes made)
(177 real changes made)
(53 real changes made)
(325 real changes made)
(91 real changes made)
(64 real changes made)
(47 real changes made)
(40 real changes made)
(129 real changes made)
(40 real changes made)
(73 real changes made)
(155 real changes made)
(118 real changes made)
(94 real changes made)
(58 real changes made)
(160 real changes made)
(130 real changes made)
(107 real changes made)
(281 real changes made)
(239 real changes made)
(239 real changes made)
(271 real changes made)
(264 real changes made)
(142 real changes made)
(79 real changes made)
(74 real changes made)
(117 real changes made)
(72 real changes made)
(329 real changes made)
(101 real changes made)
(48 real changes made)
(161 real changes made)
(288 real changes made)
(312 real changes made)
(281 real changes made)
(243 real changes made)
(359 real changes made)
(169 real changes made)
(79 real changes made)
(90 real changes made)
(139 real changes made)
(109 real changes made)
(262 real changes made)
(95 real changes made)
(91 real changes made)
(19 real changes made)
(180 real changes made)
(20 real changes made)
(156 real changes made)
(277 real changes made)
(158 real changes made)
(85 real changes made)
(117 real changes made)
(63 real changes made)
(116 real changes made)
(189 real changes made)
(111 real changes made)
(306 real changes made)
(140 real changes made)
(238 real changes made)
(113 real changes made)
(73 real changes made)
(73 real changes made)
(121 real changes made)
(120 real changes made)
(79 real changes made)
(174 real changes made)
(74 real changes made)
(62 real changes made)
(137 real changes made)
(194 real changes made)
(319 real changes made)
(56 real changes made)
(61 real changes made)
(168 real changes made)
(46 real changes made)
(76 real changes made)
(85 real changes made)
(135 real changes made)
(379 real changes made)
(20 real changes made)
(540 real changes made)
(518 real changes made)
(233 real changes made)
(59 real changes made)
(187 real changes made)
(121 real changes made)
(180 real changes made)
(297 real changes made)
(128 real changes made)
(202 real changes made)
(81 real changes made)
(159 real changes made)
(110 real changes made)
(217 real changes made)
(67 real changes made)
(59 real changes made)
(110 real changes made)
(75 real changes made)
(143 real changes made)
(457 real changes made)
(366 real changes made)
(90 real changes made)
(218 real changes made)
(121 real changes made)
(60 real changes made)
(99 real changes made)
(46 real changes made)
(92 real changes made)
(35 real changes made)
(184 real changes made)
(69 real changes made)
(107 real changes made)
(38 real changes made)
(128 real changes made)
(58 real changes made)
(355 real changes made)
(107 real changes made)
(117 real changes made)
(125 real changes made)
(206 real changes made)
(304 real changes made)
(128 real changes made)
(354 real changes made)
(17 real changes made)
(21 real changes made)
(32 real changes made)
(38 real changes made)
(202 real changes made)
(216 real changes made)
(83 real changes made)
(109 real changes made)
(104 real changes made)
(142 real changes made)
(97 real changes made)
(90 real changes made)
(115 real changes made)
(119 real changes made)
(61 real changes made)
(103 real changes made)
(42 real changes made)
(91 real changes made)
(124 real changes made)
(156 real changes made)
(148 real changes made)
(203 real changes made)
(111 real changes made)
(79 real changes made)
(257 real changes made)
(239 real changes made)
(263 real changes made)
(271 real changes made)
(188 real changes made)
(299 real changes made)
(211 real changes made)
(89 real changes made)
(140 real changes made)
(155 real changes made)
(71 real changes made)
(94 real changes made)
(88 real changes made)
(79 real changes made)
(90 real changes made)
(172 real changes made)
(288 real changes made)
(292 real changes made)
(194 real changes made)
(330 real changes made)
(240 real changes made)
(355 real changes made)
(270 real changes made)
(490 real changes made)
(530 real changes made)
(259 real changes made)
(107 real changes made)
(415 real changes made)
(429 real changes made)
(169 real changes made)
(134 real changes made)
(323 real changes made)
(411 real changes made)
(219 real changes made)
(154 real changes made)
(292 real changes made)
(270 real changes made)
(171 real changes made)
(455 real changes made)
(200 real changes made)
(264 real changes made)
(148 real changes made)
(190 real changes made)
(221 real changes made)
(207 real changes made)
(512 real changes made)
(58 real changes made)
(227 real changes made)
(96 real changes made)
(287 real changes made)
(147 real changes made)
(84 real changes made)
(165 real changes made)
(139 real changes made)
(159 real changes made)
(97 real changes made)
(132 real changes made)
(95 real changes made)
(100 real changes made)
(108 real changes made)
(200 real changes made)
(709 real changes made)
(364 real changes made)
(308 real changes made)
(334 real changes made)
(640 real changes made)
(233 real changes made)
(81 real changes made)
(199 real changes made)
(277 real changes made)
(81 real changes made)
(230 real changes made)
(99 real changes made)
(249 real changes made)
(190 real changes made)
(98 real changes made)
(55 real changes made)
(137 real changes made)
(140 real changes made)
(185 real changes made)
(99 real changes made)
(152 real changes made)
(203 real changes made)
(195 real changes made)
(124 real changes made)
(176 real changes made)
(244 real changes made)
(92 real changes made)
(117 real changes made)
(224 real changes made)
(147 real changes made)
(268 real changes made)
(168 real changes made)
(192 real changes made)
(127 real changes made)
(141 real changes made)
(63 real changes made)
(276 real changes made)
(168 real changes made)
(297 real changes made)
(131 real changes made)
(153 real changes made)
(94 real changes made)
(122 real changes made)
(58 real changes made)
(131 real changes made)
(151 real changes made)
(294 real changes made)
(216 real changes made)
(217 real changes made)
(155 real changes made)
(196 real changes made)
(165 real changes made)
(154 real changes made)
(504 real changes made)
(126 real changes made)
(56 real changes made)
(47 real changes made)
(97 real changes made)
(83 real changes made)
(82 real changes made)
(68 real changes made)
(100 real changes made)
(78 real changes made)
(95 real changes made)
(158 real changes made)
(81 real changes made)
(69 real changes made)
(141 real changes made)
(274 real changes made)
(137 real changes made)
(147 real changes made)
(76 real changes made)
(76 real changes made)
(51 real changes made)
(49 real changes made)
(33 real changes made)
(26 real changes made)
(61 real changes made)
(230 real changes made)
(365 real changes made)
(475 real changes made)
(652 real changes made)
(71 real changes made)
(110 real changes made)
(228 real changes made)
(113 real changes made)
(45 real changes made)
(180 real changes made)
(115 real changes made)
(75 real changes made)
(163 real changes made)
(237 real changes made)
(32 real changes made)
(139 real changes made)
(279 real changes made)
(18 real changes made)
(49 real changes made)
(67 real changes made)
(145 real changes made)
(76 real changes made)
(52 real changes made)
(107 real changes made)
(74 real changes made)
(166 real changes made)
(215 real changes made)
(180 real changes made)
(155 real changes made)
(81 real changes made)
(113 real changes made)
(231 real changes made)
(107 real changes made)
(273 real changes made)
(88 real changes made)
(96 real changes made)
(198 real changes made)
(378 real changes made)
(298 real changes made)
(351 real changes made)
(413 real changes made)
(265 real changes made)
(236 real changes made)
(207 real changes made)
(173 real changes made)
(168 real changes made)
(147 real changes made)
(56 real changes made)
(305 real changes made)
(112 real changes made)
(101 real changes made)
(58 real changes made)
(292 real changes made)
(279 real changes made)
(246 real changes made)
(360 real changes made)
(381 real changes made)
(235 real changes made)
(517 real changes made)
(46 real changes made)
(127 real changes made)
(430 real changes made)
(133 real changes made)
(300 real changes made)
(142 real changes made)
(134 real changes made)
(87 real changes made)
(213 real changes made)
(92 real changes made)
(195 real changes made)
(132 real changes made)
(108 real changes made)
(159 real changes made)
(378 real changes made)
(256 real changes made)
(108 real changes made)
(52 real changes made)
(100 real changes made)
(109 real changes made)
(156 real changes made)
(164 real changes made)
(142 real changes made)
(145 real changes made)
(179 real changes made)
(327 real changes made)
(159 real changes made)
(89 real changes made)
(121 real changes made)
(172 real changes made)
(149 real changes made)
(97 real changes made)
(113 real changes made)
(142 real changes made)
(247 real changes made)
(161 real changes made)
(79 real changes made)
(145 real changes made)
(80 real changes made)
(105 real changes made)
(52 real changes made)
(48 real changes made)
(221 real changes made)
(51 real changes made)
(213 real changes made)
(129 real changes made)
(90 real changes made)
(62 real changes made)
(627 real changes made)
(152 real changes made)
(177 real changes made)
(207 real changes made)
(80 real changes made)
(211 real changes made)
(151 real changes made)
(100 real changes made)
(83 real changes made)
(60 real changes made)
(139 real changes made)
(69 real changes made)
(86 real changes made)
(100 real changes made)
(161 real changes made)
(118 real changes made)
(82 real changes made)
(208 real changes made)
(142 real changes made)
(129 real changes made)
(176 real changes made)
(203 real changes made)
(175 real changes made)
(156 real changes made)
(236 real changes made)
(212 real changes made)
(154 real changes made)
(143 real changes made)
(191 real changes made)
(150 real changes made)
(324 real changes made)
(106 real changes made)
(86 real changes made)
(192 real changes made)
(100 real changes made)
(231 real changes made)
(211 real changes made)
(269 real changes made)
(408 real changes made)
(220 real changes made)
(135 real changes made)
(175 real changes made)
(220 real changes made)
(127 real changes made)
(316 real changes made)
(106 real changes made)
(97 real changes made)
(0 real changes made)
(174 real changes made)
(40 real changes made)
(257 real changes made)
(192 real changes made)
(107 real changes made)
(118 real changes made)
(157 real changes made)
(91 real changes made)
(166 real changes made)
(128 real changes made)
(92 real changes made)
(183 real changes made)
(204 real changes made)
(273 real changes made)
(161 real changes made)
(49 real changes made)
(95 real changes made)
(161 real changes made)
(163 real changes made)
(92 real changes made)
(284 real changes made)
(177 real changes made)
(154 real changes made)
(231 real changes made)
(320 real changes made)
(415 real changes made)
(146 real changes made)
(167 real changes made)
(253 real changes made)
(153 real changes made)
(197 real changes made)
(175 real changes made)
(204 real changes made)
(427 real changes made)
(124 real changes made)
(562 real changes made)
note: var25 omitted because of collinearity
note: var122 omitted because of collinearity
note: var148 omitted because of collinearity
note: var175 omitted because of collinearity
note: var176 omitted because of collinearity
note: var177 omitted because of collinearity
note: var178 omitted because of collinearity
note: var179 omitted because of collinearity
note: var180 omitted because of collinearity
note: var259 omitted because of collinearity
note: var295 omitted because of collinearity
note: var301 omitted because of collinearity
note: var302 omitted because of collinearity
note: var310 omitted because of collinearity
note: var311 omitted because of collinearity
note: var334 omitted because of collinearity
note: var335 omitted because of collinearity
note: var337 omitted because of collinearity
note: var347 omitted because of collinearity
note: var371 omitted because of collinearity
note: var376 omitted because of collinearity
note: var756 omitted because of collinearity
(674 observations deleted)
The Standard Error is: 0.2123
The Confidence Interval is: [-1.0843,-0.2520]

. 
. cap log close
